<?xml version="1.0" encoding="UTF-8"?>
<!-- Generated by org.testng.reporters.JUnitReportReporter -->
<testsuite hostname="LAPTOP-QU4IRHFP" failures="0" tests="1" name="test.LoginTest" time="13.545" errors="0" timestamp="2021-03-19T15:07:39 MDT" skipped="0">
  <testcase classname="test.LoginTest" name="validUserShouldAbleToLogin" time="13.545"/>
  <system-out/>
</testsuite> <!-- test.LoginTest -->
