<?xml version="1.0" encoding="UTF-8"?>
<!-- Generated by org.testng.reporters.JUnitReportReporter -->
<testsuite hostname="LAPTOP-QU4IRHFP" failures="0" tests="1" name="test.AddCustomerTest" time="20.551" errors="0" timestamp="2021-03-02T20:28:59 EST" skipped="0">
  <testcase classname="test.AddCustomerTest" name="validUserShouldAbleToCreateCustomerProfile" time="20.551"/>
  <system-out/>
</testsuite> <!-- test.AddCustomerTest -->
